{
  "stats": {
    "suites": 1,
    "tests": 6,
    "passes": 3,
    "pending": 0,
    "failures": 3,
    "start": "2023-10-28T06:09:34.607Z",
    "end": "2023-10-28T06:11:32.846Z",
    "duration": 118239,
    "testsRegistered": 6,
    "passPercent": 50,
    "pendingPercent": 0,
    "other": 0,
    "hasOther": false,
    "skipped": 0,
    "hasSkipped": false
  },
  "results": [
    {
      "uuid": "ce3a2de6-ca91-41fb-a187-023b68d48066",
      "title": "",
      "fullFile": "cypress\\e2e\\demo.cy.js",
      "file": "cypress\\e2e\\demo.cy.js",
      "beforeHooks": [],
      "afterHooks": [],
      "tests": [],
      "suites": [
        {
          "uuid": "2b052b2e-e546-4d54-a3b3-ba5935f5ddda",
          "title": "Automation Practice Tests",
          "fullFile": "",
          "file": "",
          "beforeHooks": [],
          "afterHooks": [],
          "tests": [
            {
              "title": "Test Case 1: Register User",
              "fullTitle": "Automation Practice Tests Test Case 1: Register User",
              "timedOut": null,
              "duration": 22245,
              "state": "failed",
              "speed": null,
              "pass": false,
              "fail": true,
              "pending": false,
              "context": "[\n  {\n    \"title\": \"Log\",\n    \"value\": \"Visit Automation Excercise website\"\n  },\n  {\n    \"title\": \"Screenshot\",\n    \"value\": \"C:\\\\Users\\\\singh\\\\OneDrive\\\\Desktop\\\\CYPRESS\\\\cypress\\\\screenshots/demo.cy.js/Visit_Automation_Excercise_website.png\"\n  },\n  {\n    \"title\": \"Verify visible\",\n    \"value\": \"Site logo on page : Home Page\"\n  },\n  {\n    \"title\": \"Screenshot\",\n    \"value\": \"C:\\\\Users\\\\singh\\\\OneDrive\\\\Desktop\\\\CYPRESS\\\\cypress\\\\screenshots/demo.cy.js/Site_logo_Home_Page.png\"\n  },\n  {\n    \"title\": \"Click\",\n    \"value\": \"Register button on page : Home Page\"\n  },\n  {\n    \"title\": \"Screenshot\",\n    \"value\": \"C:\\\\Users\\\\singh\\\\OneDrive\\\\Desktop\\\\CYPRESS\\\\cypress\\\\screenshots/demo.cy.js/Register_button_Home_Page.png\"\n  },\n  {\n    \"title\": \"Type\",\n    \"value\": \"\\\"dummy\\\" in Signup name text field on page :Login & Registration Page\"\n  },\n  {\n    \"title\": \"Screenshot\",\n    \"value\": \"C:\\\\Users\\\\singh\\\\OneDrive\\\\Desktop\\\\CYPRESS\\\\cypress\\\\screenshots/demo.cy.js/Signup_name_text_field_Login_&_Registration_Page.png\"\n  },\n  {\n    \"title\": \"Type\",\n    \"value\": \"\\\"dummy@dummy.com\\\" in Signup email text field on page :Login & Registration Page\"\n  },\n  {\n    \"title\": \"Screenshot\",\n    \"value\": \"C:\\\\Users\\\\singh\\\\OneDrive\\\\Desktop\\\\CYPRESS\\\\cypress\\\\screenshots/demo.cy.js/Signup_email_text_field_Login_&_Registration_Page.png\"\n  },\n  {\n    \"title\": \"Click\",\n    \"value\": \"Signup button on page : Login & Registration Page\"\n  },\n  {\n    \"title\": \"Screenshot\",\n    \"value\": \"C:\\\\Users\\\\singh\\\\OneDrive\\\\Desktop\\\\CYPRESS\\\\cypress\\\\screenshots/demo.cy.js/Signup_button_Login_&_Registration_Page.png\"\n  },\n  {\n    \"title\": \"Test status :failed\",\n    \"value\": \"C:\\\\Users\\\\singh\\\\OneDrive\\\\Desktop\\\\CYPRESS\\\\cypress\\\\screenshots/demo.cy.js/Automation Practice Tests -- Test Case 1: Register User (failed).png\"\n  }\n]",
              "code": "const cp = new _Components.default();\ncp.com_openurl(_global.default.url).com_registraion(_test.default).com_delete_account();",
              "err": {
                "message": "AssertionError: Timed out retrying after 10000ms: Expected to find element: `#id_gender1`, but never found it.",
                "estack": "AssertionError: Timed out retrying after 10000ms: Expected to find element: `#id_gender1`, but never found it.\n    at Registration_Page.radio_signup_gender (webpack:///./cypress/pages/Registration_Page.js:4:39)\n    at Components.com_registraion (webpack:///./cypress/Components/Components.js:25:44)\n    at Context.eval (webpack:///./cypress/e2e/demo.cy.js:11:7)",
                "diff": null
              },
              "uuid": "87e45208-311c-454a-9f19-2fdb43cb1cc3",
              "parentUUID": "2b052b2e-e546-4d54-a3b3-ba5935f5ddda",
              "isHook": false,
              "skipped": false
            },
            {
              "title": "Test Case 2: Login User with correct email and password",
              "fullTitle": "Automation Practice Tests Test Case 2: Login User with correct email and password",
              "timedOut": null,
              "duration": 23246,
              "state": "failed",
              "speed": null,
              "pass": false,
              "fail": true,
              "pending": false,
              "context": "[\n  {\n    \"title\": \"Log\",\n    \"value\": \"Visit Automation Excercise website\"\n  },\n  {\n    \"title\": \"Screenshot\",\n    \"value\": \"C:\\\\Users\\\\singh\\\\OneDrive\\\\Desktop\\\\CYPRESS\\\\cypress\\\\screenshots/demo.cy.js/Visit_Automation_Excercise_website.png\"\n  },\n  {\n    \"title\": \"Verify visible\",\n    \"value\": \"Site logo on page : Home Page\"\n  },\n  {\n    \"title\": \"Screenshot\",\n    \"value\": \"C:\\\\Users\\\\singh\\\\OneDrive\\\\Desktop\\\\CYPRESS\\\\cypress\\\\screenshots/demo.cy.js/Site_logo_Home_Page.png\"\n  },\n  {\n    \"title\": \"Click\",\n    \"value\": \"Register button on page : Home Page\"\n  },\n  {\n    \"title\": \"Screenshot\",\n    \"value\": \"C:\\\\Users\\\\singh\\\\OneDrive\\\\Desktop\\\\CYPRESS\\\\cypress\\\\screenshots/demo.cy.js/Register_button_Home_Page.png\"\n  },\n  {\n    \"title\": \"Type\",\n    \"value\": \"\\\"dummy\\\" in Signup name text field on page :Login & Registration Page\"\n  },\n  {\n    \"title\": \"Screenshot\",\n    \"value\": \"C:\\\\Users\\\\singh\\\\OneDrive\\\\Desktop\\\\CYPRESS\\\\cypress\\\\screenshots/demo.cy.js/Signup_name_text_field_Login_&_Registration_Page.png\"\n  },\n  {\n    \"title\": \"Type\",\n    \"value\": \"\\\"dummy@dummy.com\\\" in Signup email text field on page :Login & Registration Page\"\n  },\n  {\n    \"title\": \"Screenshot\",\n    \"value\": \"C:\\\\Users\\\\singh\\\\OneDrive\\\\Desktop\\\\CYPRESS\\\\cypress\\\\screenshots/demo.cy.js/Signup_email_text_field_Login_&_Registration_Page.png\"\n  },\n  {\n    \"title\": \"Click\",\n    \"value\": \"Signup button on page : Login & Registration Page\"\n  },\n  {\n    \"title\": \"Screenshot\",\n    \"value\": \"C:\\\\Users\\\\singh\\\\OneDrive\\\\Desktop\\\\CYPRESS\\\\cypress\\\\screenshots/demo.cy.js/Signup_button_Login_&_Registration_Page.png\"\n  },\n  {\n    \"title\": \"Test status :failed\",\n    \"value\": \"C:\\\\Users\\\\singh\\\\OneDrive\\\\Desktop\\\\CYPRESS\\\\cypress\\\\screenshots/demo.cy.js/Automation Practice Tests -- Test Case 2: Login User with correct email and password (failed).png\"\n  }\n]",
              "code": "const cp = new _Components.default();\ncp.com_openurl(_global.default.url).com_registraion(_test.default).com_logout().com_login(_test.default).com_delete_account();",
              "err": {
                "message": "AssertionError: Timed out retrying after 10000ms: Expected to find element: `#id_gender1`, but never found it.",
                "estack": "AssertionError: Timed out retrying after 10000ms: Expected to find element: `#id_gender1`, but never found it.\n    at Registration_Page.radio_signup_gender (webpack:///./cypress/pages/Registration_Page.js:4:39)\n    at Components.com_registraion (webpack:///./cypress/Components/Components.js:25:44)\n    at Context.eval (webpack:///./cypress/e2e/demo.cy.js:18:7)",
                "diff": null
              },
              "uuid": "10a28d30-c131-43fa-8732-d2d2cbfb10e1",
              "parentUUID": "2b052b2e-e546-4d54-a3b3-ba5935f5ddda",
              "isHook": false,
              "skipped": false
            },
            {
              "title": "Test Case 8: Verify All Products and product detail page",
              "fullTitle": "Automation Practice Tests Test Case 8: Verify All Products and product detail page",
              "timedOut": null,
              "duration": 15092,
              "state": "passed",
              "speed": "slow",
              "pass": true,
              "fail": false,
              "pending": false,
              "context": "[\n  {\n    \"title\": \"Log\",\n    \"value\": \"Visit Automation Excercise website\"\n  },\n  {\n    \"title\": \"Screenshot\",\n    \"value\": \"C:\\\\Users\\\\singh\\\\OneDrive\\\\Desktop\\\\CYPRESS\\\\cypress\\\\screenshots/demo.cy.js/Visit_Automation_Excercise_website.png\"\n  },\n  {\n    \"title\": \"Verify visible\",\n    \"value\": \"Site logo on page : Home Page\"\n  },\n  {\n    \"title\": \"Screenshot\",\n    \"value\": \"C:\\\\Users\\\\singh\\\\OneDrive\\\\Desktop\\\\CYPRESS\\\\cypress\\\\screenshots/demo.cy.js/Site_logo_Home_Page.png\"\n  },\n  {\n    \"title\": \"Click\",\n    \"value\": \"Products button on page : Home Page\"\n  },\n  {\n    \"title\": \"Screenshot\",\n    \"value\": \"C:\\\\Users\\\\singh\\\\OneDrive\\\\Desktop\\\\CYPRESS\\\\cypress\\\\screenshots/demo.cy.js/Products_button_Home_Page.png\"\n  },\n  {\n    \"title\": \"Verify list visible\",\n    \"value\": \"Products list on page : Products Page\"\n  },\n  {\n    \"title\": \"Screenshot\",\n    \"value\": \"C:\\\\Users\\\\singh\\\\OneDrive\\\\Desktop\\\\CYPRESS\\\\cypress\\\\screenshots/demo.cy.js/Products_list_Products_Page.png\"\n  },\n  {\n    \"title\": \"Click\",\n    \"value\": \"Products list: first item on page : Products Page\"\n  },\n  {\n    \"title\": \"Screenshot\",\n    \"value\": \"C:\\\\Users\\\\singh\\\\OneDrive\\\\Desktop\\\\CYPRESS\\\\cypress\\\\screenshots/demo.cy.js/Products_list:_first_item_Products_Page.png\"\n  },\n  {\n    \"title\": \"Verify visible\",\n    \"value\": \"Product title on page : Products Details Page\"\n  },\n  {\n    \"title\": \"Screenshot\",\n    \"value\": \"C:\\\\Users\\\\singh\\\\OneDrive\\\\Desktop\\\\CYPRESS\\\\cypress\\\\screenshots/demo.cy.js/Product_title_Products_Details_Page.png\"\n  },\n  {\n    \"title\": \"Verify visible\",\n    \"value\": \"Product Category on page : Products Details Page\"\n  },\n  {\n    \"title\": \"Screenshot\",\n    \"value\": \"C:\\\\Users\\\\singh\\\\OneDrive\\\\Desktop\\\\CYPRESS\\\\cypress\\\\screenshots/demo.cy.js/Product_Category_Products_Details_Page.png\"\n  },\n  {\n    \"title\": \"Verify visible\",\n    \"value\": \"Product Price on page : Products Details Page\"\n  },\n  {\n    \"title\": \"Screenshot\",\n    \"value\": \"C:\\\\Users\\\\singh\\\\OneDrive\\\\Desktop\\\\CYPRESS\\\\cypress\\\\screenshots/demo.cy.js/Product_Price_Products_Details_Page.png\"\n  },\n  {\n    \"title\": \"Verify visible\",\n    \"value\": \"Product Availability on page : Products Details Page\"\n  },\n  {\n    \"title\": \"Screenshot\",\n    \"value\": \"C:\\\\Users\\\\singh\\\\OneDrive\\\\Desktop\\\\CYPRESS\\\\cypress\\\\screenshots/demo.cy.js/Product_Availability_Products_Details_Page.png\"\n  },\n  {\n    \"title\": \"Verify visible\",\n    \"value\": \"Product Condition on page : Products Details Page\"\n  },\n  {\n    \"title\": \"Screenshot\",\n    \"value\": \"C:\\\\Users\\\\singh\\\\OneDrive\\\\Desktop\\\\CYPRESS\\\\cypress\\\\screenshots/demo.cy.js/Product_Condition_Products_Details_Page.png\"\n  },\n  {\n    \"title\": \"Verify visible\",\n    \"value\": \"Product Brand on page : Products Details Page\"\n  },\n  {\n    \"title\": \"Screenshot\",\n    \"value\": \"C:\\\\Users\\\\singh\\\\OneDrive\\\\Desktop\\\\CYPRESS\\\\cypress\\\\screenshots/demo.cy.js/Product_Brand_Products_Details_Page.png\"\n  }\n]",
              "code": "const cp = new _Components.default();\ncp.com_openurl(_global.default.url).com_verify_products_page().com_validate_first_item_product_detail_page();",
              "err": {},
              "uuid": "5f83aaec-5ce2-4c6b-a0d8-13045ef048c4",
              "parentUUID": "2b052b2e-e546-4d54-a3b3-ba5935f5ddda",
              "isHook": false,
              "skipped": false
            },
            {
              "title": "Test Case 9: Search Product",
              "fullTitle": "Automation Practice Tests Test Case 9: Search Product",
              "timedOut": null,
              "duration": 12153,
              "state": "passed",
              "speed": "slow",
              "pass": true,
              "fail": false,
              "pending": false,
              "context": "[\n  {\n    \"title\": \"Log\",\n    \"value\": \"Visit Automation Excercise website\"\n  },\n  {\n    \"title\": \"Screenshot\",\n    \"value\": \"C:\\\\Users\\\\singh\\\\OneDrive\\\\Desktop\\\\CYPRESS\\\\cypress\\\\screenshots/demo.cy.js/Visit_Automation_Excercise_website.png\"\n  },\n  {\n    \"title\": \"Verify visible\",\n    \"value\": \"Site logo on page : Home Page\"\n  },\n  {\n    \"title\": \"Screenshot\",\n    \"value\": \"C:\\\\Users\\\\singh\\\\OneDrive\\\\Desktop\\\\CYPRESS\\\\cypress\\\\screenshots/demo.cy.js/Site_logo_Home_Page.png\"\n  },\n  {\n    \"title\": \"Click\",\n    \"value\": \"Products button on page : Home Page\"\n  },\n  {\n    \"title\": \"Screenshot\",\n    \"value\": \"C:\\\\Users\\\\singh\\\\OneDrive\\\\Desktop\\\\CYPRESS\\\\cypress\\\\screenshots/demo.cy.js/Products_button_Home_Page.png\"\n  },\n  {\n    \"title\": \"Verify list visible\",\n    \"value\": \"Products list on page : Products Page\"\n  },\n  {\n    \"title\": \"Screenshot\",\n    \"value\": \"C:\\\\Users\\\\singh\\\\OneDrive\\\\Desktop\\\\CYPRESS\\\\cypress\\\\screenshots/demo.cy.js/Products_list_Products_Page.png\"\n  },\n  {\n    \"title\": \"Type\",\n    \"value\": \"\\\"Top\\\" in Search box on page :Products Page\"\n  },\n  {\n    \"title\": \"Screenshot\",\n    \"value\": \"C:\\\\Users\\\\singh\\\\OneDrive\\\\Desktop\\\\CYPRESS\\\\cypress\\\\screenshots/demo.cy.js/Search_box_Products_Page.png\"\n  },\n  {\n    \"title\": \"Click\",\n    \"value\": \"Search button on page : Products Page\"\n  },\n  {\n    \"title\": \"Screenshot\",\n    \"value\": \"C:\\\\Users\\\\singh\\\\OneDrive\\\\Desktop\\\\CYPRESS\\\\cypress\\\\screenshots/demo.cy.js/Search_button_Products_Page.png\"\n  },\n  {\n    \"title\": \"Verify Text Contains\",\n    \"value\": \"\\\"Top\\\" contains in all Products list title on page :Products Page\"\n  },\n  {\n    \"title\": \"Screenshot\",\n    \"value\": \"C:\\\\Users\\\\singh\\\\OneDrive\\\\Desktop\\\\CYPRESS\\\\cypress\\\\screenshots/demo.cy.js/Products_list_title_Products_Page.png\"\n  }\n]",
              "code": "const cp = new _Components.default();\ncp.com_openurl(_global.default.url).com_verify_products_page().com_searchAndVerifyProductList(_test.default.searchItem);",
              "err": {},
              "uuid": "1587a8dc-6a2a-4895-b6e8-3f017512ad83",
              "parentUUID": "2b052b2e-e546-4d54-a3b3-ba5935f5ddda",
              "isHook": false,
              "skipped": false
            },
            {
              "title": "Test Case 12: Add Products in Cart",
              "fullTitle": "Automation Practice Tests Test Case 12: Add Products in Cart",
              "timedOut": null,
              "duration": 27706,
              "state": "failed",
              "speed": null,
              "pass": false,
              "fail": true,
              "pending": false,
              "context": "[\n  {\n    \"title\": \"Log\",\n    \"value\": \"Visit Automation Excercise website\"\n  },\n  {\n    \"title\": \"Screenshot\",\n    \"value\": \"C:\\\\Users\\\\singh\\\\OneDrive\\\\Desktop\\\\CYPRESS\\\\cypress\\\\screenshots/demo.cy.js/Visit_Automation_Excercise_website.png\"\n  },\n  {\n    \"title\": \"Verify visible\",\n    \"value\": \"Site logo on page : Home Page\"\n  },\n  {\n    \"title\": \"Screenshot\",\n    \"value\": \"C:\\\\Users\\\\singh\\\\OneDrive\\\\Desktop\\\\CYPRESS\\\\cypress\\\\screenshots/demo.cy.js/Site_logo_Home_Page.png\"\n  },\n  {\n    \"title\": \"Click\",\n    \"value\": \"Products button on page : Home Page\"\n  },\n  {\n    \"title\": \"Screenshot\",\n    \"value\": \"C:\\\\Users\\\\singh\\\\OneDrive\\\\Desktop\\\\CYPRESS\\\\cypress\\\\screenshots/demo.cy.js/Products_button_Home_Page.png\"\n  },\n  {\n    \"title\": \"Verify list visible\",\n    \"value\": \"Products list on page : Products Page\"\n  },\n  {\n    \"title\": \"Screenshot\",\n    \"value\": \"C:\\\\Users\\\\singh\\\\OneDrive\\\\Desktop\\\\CYPRESS\\\\cypress\\\\screenshots/demo.cy.js/Products_list_Products_Page.png\"\n  },\n  {\n    \"title\": \"Hover\",\n    \"value\": \"Product 1 on page :Products Page\"\n  },\n  {\n    \"title\": \"Screenshot\",\n    \"value\": \"C:\\\\Users\\\\singh\\\\OneDrive\\\\Desktop\\\\CYPRESS\\\\cypress\\\\screenshots/demo.cy.js/Product_1_Products_Page.png\"\n  },\n  {\n    \"title\": \"Click\",\n    \"value\": \"Add to cart 1 item on page : Products Page\"\n  },\n  {\n    \"title\": \"Screenshot\",\n    \"value\": \"C:\\\\Users\\\\singh\\\\OneDrive\\\\Desktop\\\\CYPRESS\\\\cypress\\\\screenshots/demo.cy.js/Add_to_cart_1_item_Products_Page.png\"\n  },\n  {\n    \"title\": \"Click\",\n    \"value\": \"Continue shopping button on page : Products Page\"\n  },\n  {\n    \"title\": \"Screenshot\",\n    \"value\": \"C:\\\\Users\\\\singh\\\\OneDrive\\\\Desktop\\\\CYPRESS\\\\cypress\\\\screenshots/demo.cy.js/Continue_shopping_button_Products_Page.png\"\n  },\n  {\n    \"title\": \"Test status :failed\",\n    \"value\": \"C:\\\\Users\\\\singh\\\\OneDrive\\\\Desktop\\\\CYPRESS\\\\cypress\\\\screenshots/demo.cy.js/Automation Practice Tests -- Test Case 12: Add Products in Cart (failed).png\"\n  }\n]",
              "code": "const cp = new _Components.default();\ncp.com_openurl(_global.default.url).com_verify_products_page().com_add_to_cart_product_detail_page();",
              "err": {
                "message": "CypressError: Timed out retrying after 10050ms: `cy.click()` failed because this element is not visible:\n\n`<button class=\"btn btn-success close-modal btn-block\" data-dismiss=\"modal\">Continu...</button>`\n\nThis element `<button.btn.btn-success.close-modal.btn-block>` is not visible because its parent `<div#cartModal.modal.fade>` has CSS property: `display: none`\n\nFix this problem, or use `{force: true}` to disable error checking.\n\nhttps://on.cypress.io/element-cannot-be-interacted-with",
                "estack": "CypressError: Timed out retrying after 10050ms: `cy.click()` failed because this element is not visible:\n\n`<button class=\"btn btn-success close-modal btn-block\" data-dismiss=\"modal\">Continu...</button>`\n\nThis element `<button.btn.btn-success.close-modal.btn-block>` is not visible because its parent `<div#cartModal.modal.fade>` has CSS property: `display: none`\n\nFix this problem, or use `{force: true}` to disable error checking.\n\nhttps://on.cypress.io/element-cannot-be-interacted-with\n    at runVisibilityCheck (https://automationexercise.com/__cypress/runner/cypress_runner.js:145322:58)\n    at Object.isStrictlyVisible (https://automationexercise.com/__cypress/runner/cypress_runner.js:145336:10)\n    at runAllChecks (https://automationexercise.com/__cypress/runner/cypress_runner.js:112253:26)\n    at retryActionability (https://automationexercise.com/__cypress/runner/cypress_runner.js:112321:16)\n    at tryCatcher (https://automationexercise.com/__cypress/runner/cypress_runner.js:1807:23)\n    at Promise.attempt.Promise.try (https://automationexercise.com/__cypress/runner/cypress_runner.js:4315:29)\n    at whenStable (https://automationexercise.com/__cypress/runner/cypress_runner.js:144144:68)\n    at <unknown> (https://automationexercise.com/__cypress/runner/cypress_runner.js:144085:14)\n    at tryCatcher (https://automationexercise.com/__cypress/runner/cypress_runner.js:1807:23)\n    at Promise._settlePromiseFromHandler (https://automationexercise.com/__cypress/runner/cypress_runner.js:1519:31)\n    at Promise._settlePromise (https://automationexercise.com/__cypress/runner/cypress_runner.js:1576:18)\n    at Promise._settlePromise0 (https://automationexercise.com/__cypress/runner/cypress_runner.js:1621:10)\n    at Promise._settlePromises (https://automationexercise.com/__cypress/runner/cypress_runner.js:1701:18)\n    at Promise._fulfill (https://automationexercise.com/__cypress/runner/cypress_runner.js:1645:18)\n    at <unknown> (https://automationexercise.com/__cypress/runner/cypress_runner.js:5450:46)\nFrom Your Spec Code:\n    at Context.eval (webpack:///./cypress/support/commands.js:20:13)",
                "diff": null
              },
              "uuid": "51cf3df2-f118-40f7-a492-91721f3250f5",
              "parentUUID": "2b052b2e-e546-4d54-a3b3-ba5935f5ddda",
              "isHook": false,
              "skipped": false
            },
            {
              "title": "Test Case 13: Verify Product quantity in Cart",
              "fullTitle": "Automation Practice Tests Test Case 13: Verify Product quantity in Cart",
              "timedOut": null,
              "duration": 14701,
              "state": "passed",
              "speed": "slow",
              "pass": true,
              "fail": false,
              "pending": false,
              "context": "[\n  {\n    \"title\": \"Log\",\n    \"value\": \"Visit Automation Excercise website\"\n  },\n  {\n    \"title\": \"Screenshot\",\n    \"value\": \"C:\\\\Users\\\\singh\\\\OneDrive\\\\Desktop\\\\CYPRESS\\\\cypress\\\\screenshots/demo.cy.js/Visit_Automation_Excercise_website.png\"\n  },\n  {\n    \"title\": \"Verify visible\",\n    \"value\": \"Site logo on page : Home Page\"\n  },\n  {\n    \"title\": \"Screenshot\",\n    \"value\": \"C:\\\\Users\\\\singh\\\\OneDrive\\\\Desktop\\\\CYPRESS\\\\cypress\\\\screenshots/demo.cy.js/Site_logo_Home_Page.png\"\n  },\n  {\n    \"title\": \"Click\",\n    \"value\": \"Products button on page : Home Page\"\n  },\n  {\n    \"title\": \"Screenshot\",\n    \"value\": \"C:\\\\Users\\\\singh\\\\OneDrive\\\\Desktop\\\\CYPRESS\\\\cypress\\\\screenshots/demo.cy.js/Products_button_Home_Page.png\"\n  },\n  {\n    \"title\": \"Verify list visible\",\n    \"value\": \"Products list on page : Products Page\"\n  },\n  {\n    \"title\": \"Screenshot\",\n    \"value\": \"C:\\\\Users\\\\singh\\\\OneDrive\\\\Desktop\\\\CYPRESS\\\\cypress\\\\screenshots/demo.cy.js/Products_list_Products_Page.png\"\n  },\n  {\n    \"title\": \"Click\",\n    \"value\": \"Products list: first item on page : Products Page\"\n  },\n  {\n    \"title\": \"Screenshot\",\n    \"value\": \"C:\\\\Users\\\\singh\\\\OneDrive\\\\Desktop\\\\CYPRESS\\\\cypress\\\\screenshots/demo.cy.js/Products_list:_first_item_Products_Page.png\"\n  },\n  {\n    \"title\": \"Verify visible\",\n    \"value\": \"Product title on page : Products Details Page\"\n  },\n  {\n    \"title\": \"Screenshot\",\n    \"value\": \"C:\\\\Users\\\\singh\\\\OneDrive\\\\Desktop\\\\CYPRESS\\\\cypress\\\\screenshots/demo.cy.js/Product_title_Products_Details_Page.png\"\n  },\n  {\n    \"title\": \"Verify visible\",\n    \"value\": \"Product Category on page : Products Details Page\"\n  },\n  {\n    \"title\": \"Screenshot\",\n    \"value\": \"C:\\\\Users\\\\singh\\\\OneDrive\\\\Desktop\\\\CYPRESS\\\\cypress\\\\screenshots/demo.cy.js/Product_Category_Products_Details_Page.png\"\n  },\n  {\n    \"title\": \"Verify visible\",\n    \"value\": \"Product Price on page : Products Details Page\"\n  },\n  {\n    \"title\": \"Screenshot\",\n    \"value\": \"C:\\\\Users\\\\singh\\\\OneDrive\\\\Desktop\\\\CYPRESS\\\\cypress\\\\screenshots/demo.cy.js/Product_Price_Products_Details_Page.png\"\n  },\n  {\n    \"title\": \"Verify visible\",\n    \"value\": \"Product Availability on page : Products Details Page\"\n  },\n  {\n    \"title\": \"Screenshot\",\n    \"value\": \"C:\\\\Users\\\\singh\\\\OneDrive\\\\Desktop\\\\CYPRESS\\\\cypress\\\\screenshots/demo.cy.js/Product_Availability_Products_Details_Page.png\"\n  },\n  {\n    \"title\": \"Verify visible\",\n    \"value\": \"Product Condition on page : Products Details Page\"\n  },\n  {\n    \"title\": \"Screenshot\",\n    \"value\": \"C:\\\\Users\\\\singh\\\\OneDrive\\\\Desktop\\\\CYPRESS\\\\cypress\\\\screenshots/demo.cy.js/Product_Condition_Products_Details_Page.png\"\n  },\n  {\n    \"title\": \"Verify visible\",\n    \"value\": \"Product Brand on page : Products Details Page\"\n  },\n  {\n    \"title\": \"Screenshot\",\n    \"value\": \"C:\\\\Users\\\\singh\\\\OneDrive\\\\Desktop\\\\CYPRESS\\\\cypress\\\\screenshots/demo.cy.js/Product_Brand_Products_Details_Page.png\"\n  },\n  {\n    \"title\": \"Type\",\n    \"value\": \"\\\"4\\\" in Quantity field on page :Products Details Page\"\n  },\n  {\n    \"title\": \"Screenshot\",\n    \"value\": \"C:\\\\Users\\\\singh\\\\OneDrive\\\\Desktop\\\\CYPRESS\\\\cypress\\\\screenshots/demo.cy.js/Quantity_field_Products_Details_Page.png\"\n  },\n  {\n    \"title\": \"Click\",\n    \"value\": \"Add to cart button on page : Products Details Page\"\n  },\n  {\n    \"title\": \"Screenshot\",\n    \"value\": \"C:\\\\Users\\\\singh\\\\OneDrive\\\\Desktop\\\\CYPRESS\\\\cypress\\\\screenshots/demo.cy.js/Add_to_cart_button_Products_Details_Page.png\"\n  }\n]",
              "code": "const cp = new _Components.default();\ncp.com_openurl(_global.default.url).com_verify_products_page().com_validate_first_item_product_detail_page().com_add_product(_test.default.quantity);",
              "err": {},
              "uuid": "cd560761-f762-421c-bcc3-d5560b96f5e1",
              "parentUUID": "2b052b2e-e546-4d54-a3b3-ba5935f5ddda",
              "isHook": false,
              "skipped": false
            }
          ],
          "suites": [],
          "passes": [
            "5f83aaec-5ce2-4c6b-a0d8-13045ef048c4",
            "1587a8dc-6a2a-4895-b6e8-3f017512ad83",
            "cd560761-f762-421c-bcc3-d5560b96f5e1"
          ],
          "failures": [
            "87e45208-311c-454a-9f19-2fdb43cb1cc3",
            "10a28d30-c131-43fa-8732-d2d2cbfb10e1",
            "51cf3df2-f118-40f7-a492-91721f3250f5"
          ],
          "pending": [],
          "skipped": [],
          "duration": 115143,
          "root": false,
          "rootEmpty": false,
          "_timeout": 2000
        }
      ],
      "passes": [],
      "failures": [],
      "pending": [],
      "skipped": [],
      "duration": 0,
      "root": true,
      "rootEmpty": true,
      "_timeout": 2000
    }
  ],
  "meta": {
    "mocha": {
      "version": "7.0.1"
    },
    "mochawesome": {
      "options": {
        "quiet": false,
        "reportFilename": "mochawesome",
        "saveHtml": true,
        "saveJson": true,
        "consoleReporter": "spec",
        "useInlineDiffs": false,
        "code": true
      },
      "version": "7.1.3"
    },
    "marge": {
      "options": null,
      "version": "6.2.0"
    }
  }
}